2023-04-18 17:31:08,720 [Worker-3: Loading available Gradle versions] INFO  o.e.b.c.i.u.g.PublishedGradleVersions - Gradle version information cache is out-of-date. Trying to update.
2023-04-24 13:30:03,900 [Worker-2: Loading available Gradle versions] INFO  o.e.b.c.i.u.g.PublishedGradleVersions - Gradle version information cache is out-of-date. Trying to update.
2023-04-24 13:32:29,906 [Worker-4: Update Maven projects configuration] INFO  o.e.m.c.i.p.ProjectConfigurationManager - Update started
2023-04-24 13:32:32,111 [Worker-4: Update Maven projects configuration] INFO  o.e.m.c.i.l.LifecycleMappingFactory - Using org.eclipse.m2e.jdt.JarLifecycleMapping lifecycle mapping for MavenProject: com.teste:preview_Aula_11:1.0-SNAPSHOT @ D:\Manutenção 2023\eclipse-workspace\preview_Aula_11\pom.xml.
2023-04-24 13:32:32,970 [Worker-21: Building] INFO  o.e.m.c.i.embedder.EclipseLogger - Using 'UTF-8' encoding to copy filtered resources.
2023-04-24 13:32:32,970 [Worker-21: Building] INFO  o.e.m.c.i.embedder.EclipseLogger - skip non existing resourceDirectory D:\Manutenção 2023\eclipse-workspace\preview_Aula_11\src\main\resources
2023-04-24 13:32:32,972 [Worker-21: Building] INFO  o.e.m.c.i.embedder.EclipseLogger - Using 'UTF-8' encoding to copy filtered resources.
2023-04-24 13:32:32,972 [Worker-21: Building] INFO  o.e.m.c.i.embedder.EclipseLogger - skip non existing resourceDirectory D:\Manutenção 2023\eclipse-workspace\preview_Aula_11\src\test\resources
2023-04-24 13:32:33,082 [Worker-4: Update Maven projects configuration] INFO  o.e.m.j.i.AbstractJavaProjectConfigurator - Adding source folder /preview_Aula_11/src/main/java
2023-04-24 13:32:33,087 [Worker-4: Update Maven projects configuration] INFO  o.e.m.j.i.AbstractJavaProjectConfigurator - Adding source folder /preview_Aula_11/src/test/java
2023-04-24 13:32:33,218 [Worker-4: Update Maven projects configuration] INFO  o.e.m.c.i.p.ProjectConfigurationManager - Update completed for 1 poms: local refresh takes 0,00 sec, refresh facades takes 2,00 sec, update config takes 0,00 sec 
2023-04-24 13:32:34,143 [Worker-24: Building] INFO  o.e.m.c.i.embedder.EclipseLogger - Using 'UTF-8' encoding to copy filtered resources.
2023-04-24 13:32:34,143 [Worker-24: Building] INFO  o.e.m.c.i.embedder.EclipseLogger - skip non existing resourceDirectory D:\Manutenção 2023\eclipse-workspace\preview_Aula_11\src\main\resources
2023-04-24 13:32:34,144 [Worker-24: Building] INFO  o.e.m.c.i.embedder.EclipseLogger - Using 'UTF-8' encoding to copy filtered resources.
2023-04-24 13:32:34,145 [Worker-24: Building] INFO  o.e.m.c.i.embedder.EclipseLogger - skip non existing resourceDirectory D:\Manutenção 2023\eclipse-workspace\preview_Aula_11\src\test\resources
2023-04-24 13:33:58,187 [Worker-21: Building] INFO  o.e.m.c.i.embedder.EclipseLogger - Using 'UTF-8' encoding to copy filtered resources.
2023-04-24 13:33:58,187 [Worker-21: Building] INFO  o.e.m.c.i.embedder.EclipseLogger - skip non existing resourceDirectory D:\Manutenção 2023\eclipse-workspace\preview_Aula_11\src\main\resources
2023-04-24 13:33:58,190 [Worker-21: Building] INFO  o.e.m.c.i.embedder.EclipseLogger - Using 'UTF-8' encoding to copy filtered resources.
2023-04-24 13:33:58,190 [Worker-21: Building] INFO  o.e.m.c.i.embedder.EclipseLogger - skip non existing resourceDirectory D:\Manutenção 2023\eclipse-workspace\preview_Aula_11\src\test\resources
2023-04-24 13:34:29,703 [Worker-24: Building] INFO  o.e.m.c.i.embedder.EclipseLogger - Using 'UTF-8' encoding to copy filtered resources.
2023-04-24 13:34:29,703 [Worker-24: Building] INFO  o.e.m.c.i.embedder.EclipseLogger - skip non existing resourceDirectory D:\Manutenção 2023\eclipse-workspace\preview_Aula_11\src\main\resources
2023-04-24 13:34:29,706 [Worker-24: Building] INFO  o.e.m.c.i.embedder.EclipseLogger - Using 'UTF-8' encoding to copy filtered resources.
2023-04-24 13:34:29,706 [Worker-24: Building] INFO  o.e.m.c.i.embedder.EclipseLogger - skip non existing resourceDirectory D:\Manutenção 2023\eclipse-workspace\preview_Aula_11\src\test\resources
2023-04-24 13:39:41,222 [Worker-21: Building] INFO  o.e.m.c.i.embedder.EclipseLogger - Using 'UTF-8' encoding to copy filtered resources.
2023-04-24 13:39:41,222 [Worker-21: Building] INFO  o.e.m.c.i.embedder.EclipseLogger - skip non existing resourceDirectory D:\Manutenção 2023\eclipse-workspace\preview_Aula_11\src\main\resources
2023-04-24 13:39:41,224 [Worker-21: Building] INFO  o.e.m.c.i.embedder.EclipseLogger - Using 'UTF-8' encoding to copy filtered resources.
2023-04-24 13:39:41,224 [Worker-21: Building] INFO  o.e.m.c.i.embedder.EclipseLogger - skip non existing resourceDirectory D:\Manutenção 2023\eclipse-workspace\preview_Aula_11\src\test\resources
2023-04-24 13:40:28,936 [Worker-25: Building] INFO  o.e.m.c.i.embedder.EclipseLogger - Using 'UTF-8' encoding to copy filtered resources.
2023-04-24 13:40:28,937 [Worker-25: Building] INFO  o.e.m.c.i.embedder.EclipseLogger - skip non existing resourceDirectory D:\Manutenção 2023\eclipse-workspace\preview_Aula_11\src\main\resources
2023-04-24 13:40:28,938 [Worker-25: Building] INFO  o.e.m.c.i.embedder.EclipseLogger - Using 'UTF-8' encoding to copy filtered resources.
2023-04-24 13:40:28,938 [Worker-25: Building] INFO  o.e.m.c.i.embedder.EclipseLogger - skip non existing resourceDirectory D:\Manutenção 2023\eclipse-workspace\preview_Aula_11\src\test\resources
2023-04-24 14:48:56,545 [Worker-29: Building] INFO  o.e.m.c.i.embedder.EclipseLogger - Using 'UTF-8' encoding to copy filtered resources.
2023-04-24 14:48:56,552 [Worker-29: Building] INFO  o.e.m.c.i.embedder.EclipseLogger - skip non existing resourceDirectory D:\Manutenção 2023\eclipse-workspace\preview_Aula_11\src\main\resources
2023-04-24 14:48:56,557 [Worker-29: Building] INFO  o.e.m.c.i.embedder.EclipseLogger - Using 'UTF-8' encoding to copy filtered resources.
2023-04-24 14:48:56,557 [Worker-29: Building] INFO  o.e.m.c.i.embedder.EclipseLogger - skip non existing resourceDirectory D:\Manutenção 2023\eclipse-workspace\preview_Aula_11\src\test\resources
2023-04-24 17:11:54,750 [Worker-5: Loading available Gradle versions] INFO  o.e.b.c.i.u.g.PublishedGradleVersions - Gradle version information cache is up-to-date. Trying to read.
2023-04-24 17:18:04,405 [Worker-18: Building] INFO  o.e.m.c.i.embedder.EclipseLogger - Using 'UTF-8' encoding to copy filtered resources.
2023-04-24 17:18:04,411 [Worker-18: Building] INFO  o.e.m.c.i.embedder.EclipseLogger - skip non existing resourceDirectory D:\Manutenção 2023\eclipse-workspace\preview_Aula_11\src\main\resources
2023-04-24 17:18:04,413 [Worker-18: Building] INFO  o.e.m.c.i.embedder.EclipseLogger - Using 'UTF-8' encoding to copy filtered resources.
2023-04-24 17:18:04,413 [Worker-18: Building] INFO  o.e.m.c.i.embedder.EclipseLogger - skip non existing resourceDirectory D:\Manutenção 2023\eclipse-workspace\preview_Aula_11\src\test\resources
2023-04-24 17:18:21,346 [Worker-7: Building] INFO  o.e.m.c.i.embedder.EclipseLogger - Using 'UTF-8' encoding to copy filtered resources.
2023-04-24 17:18:21,346 [Worker-7: Building] INFO  o.e.m.c.i.embedder.EclipseLogger - skip non existing resourceDirectory D:\Manutenção 2023\eclipse-workspace\preview_Aula_11\src\main\resources
2023-04-24 17:18:21,347 [Worker-7: Building] INFO  o.e.m.c.i.embedder.EclipseLogger - Using 'UTF-8' encoding to copy filtered resources.
2023-04-24 17:18:21,347 [Worker-7: Building] INFO  o.e.m.c.i.embedder.EclipseLogger - skip non existing resourceDirectory D:\Manutenção 2023\eclipse-workspace\preview_Aula_11\src\test\resources
2023-04-24 17:21:50,397 [Worker-2: Building] INFO  o.e.m.c.i.embedder.EclipseLogger - Using 'UTF-8' encoding to copy filtered resources.
2023-04-24 17:21:50,397 [Worker-2: Building] INFO  o.e.m.c.i.embedder.EclipseLogger - skip non existing resourceDirectory D:\Manutenção 2023\eclipse-workspace\preview_Aula_11\src\main\resources
2023-04-24 17:21:50,399 [Worker-2: Building] INFO  o.e.m.c.i.embedder.EclipseLogger - Using 'UTF-8' encoding to copy filtered resources.
2023-04-24 17:21:50,399 [Worker-2: Building] INFO  o.e.m.c.i.embedder.EclipseLogger - skip non existing resourceDirectory D:\Manutenção 2023\eclipse-workspace\preview_Aula_11\src\test\resources
2023-04-24 17:33:29,703 [Worker-22: Building] INFO  o.e.m.c.i.embedder.EclipseLogger - Using 'UTF-8' encoding to copy filtered resources.
2023-04-24 17:33:29,705 [Worker-22: Building] INFO  o.e.m.c.i.embedder.EclipseLogger - skip non existing resourceDirectory D:\Manutenção 2023\eclipse-workspace\preview_Aula_11\src\main\resources
2023-04-24 17:33:29,707 [Worker-22: Building] INFO  o.e.m.c.i.embedder.EclipseLogger - Using 'UTF-8' encoding to copy filtered resources.
2023-04-24 17:33:29,707 [Worker-22: Building] INFO  o.e.m.c.i.embedder.EclipseLogger - skip non existing resourceDirectory D:\Manutenção 2023\eclipse-workspace\preview_Aula_11\src\test\resources
2023-04-24 17:59:27,685 [Worker-3: Building] INFO  o.e.m.c.i.embedder.EclipseLogger - Using 'UTF-8' encoding to copy filtered resources.
2023-04-24 17:59:27,688 [Worker-3: Building] INFO  o.e.m.c.i.embedder.EclipseLogger - skip non existing resourceDirectory D:\Manutenção 2023\eclipse-workspace\preview_Aula_11\src\main\resources
2023-04-24 17:59:27,690 [Worker-3: Building] INFO  o.e.m.c.i.embedder.EclipseLogger - Using 'UTF-8' encoding to copy filtered resources.
2023-04-24 17:59:27,690 [Worker-3: Building] INFO  o.e.m.c.i.embedder.EclipseLogger - skip non existing resourceDirectory D:\Manutenção 2023\eclipse-workspace\preview_Aula_11\src\test\resources
2023-04-24 18:01:48,488 [Worker-27: Building] INFO  o.e.m.c.i.embedder.EclipseLogger - Using 'UTF-8' encoding to copy filtered resources.
2023-04-24 18:01:48,488 [Worker-27: Building] INFO  o.e.m.c.i.embedder.EclipseLogger - skip non existing resourceDirectory D:\Manutenção 2023\eclipse-workspace\preview_Aula_11\src\main\resources
2023-04-24 18:01:48,490 [Worker-27: Building] INFO  o.e.m.c.i.embedder.EclipseLogger - Using 'UTF-8' encoding to copy filtered resources.
2023-04-24 18:01:48,490 [Worker-27: Building] INFO  o.e.m.c.i.embedder.EclipseLogger - skip non existing resourceDirectory D:\Manutenção 2023\eclipse-workspace\preview_Aula_11\src\test\resources
2023-04-24 18:12:42,332 [Worker-1: Loading available Gradle versions] INFO  o.e.b.c.i.u.g.PublishedGradleVersions - Gradle version information cache is up-to-date. Trying to read.
2023-04-25 12:24:48,242 [Worker-5: Loading available Gradle versions] INFO  o.e.b.c.i.u.g.PublishedGradleVersions - Gradle version information cache is up-to-date. Trying to read.
2023-04-25 12:39:13,246 [Worker-24: Building] INFO  o.e.m.c.i.embedder.EclipseLogger - Using 'UTF-8' encoding to copy filtered resources.
2023-04-25 12:39:13,296 [Worker-24: Building] INFO  o.e.m.c.i.embedder.EclipseLogger - skip non existing resourceDirectory D:\Manutenção 2023\eclipse-workspace\preview_Aula_11\src\main\resources
2023-04-25 12:39:13,298 [Worker-24: Building] INFO  o.e.m.c.i.embedder.EclipseLogger - Using 'UTF-8' encoding to copy filtered resources.
2023-04-25 12:39:13,298 [Worker-24: Building] INFO  o.e.m.c.i.embedder.EclipseLogger - skip non existing resourceDirectory D:\Manutenção 2023\eclipse-workspace\preview_Aula_11\src\test\resources
2023-04-25 14:18:45,263 [Worker-3: Loading available Gradle versions] INFO  o.e.b.c.i.u.g.PublishedGradleVersions - Gradle version information cache is out-of-date. Trying to update.
2023-04-25 16:36:52,271 [Worker-5: Loading available Gradle versions] INFO  o.e.b.c.i.u.g.PublishedGradleVersions - Gradle version information cache is up-to-date. Trying to read.
2023-04-26 12:45:49,676 [Worker-7: Loading available Gradle versions] INFO  o.e.b.c.i.u.g.PublishedGradleVersions - Gradle version information cache is up-to-date. Trying to read.
2023-04-26 16:36:42,466 [Worker-1: Loading available Gradle versions] INFO  o.e.b.c.i.u.g.PublishedGradleVersions - Gradle version information cache is out-of-date. Trying to update.
2023-04-26 16:50:05,081 [Worker-3: Loading available Gradle versions] INFO  o.e.b.c.i.u.g.PublishedGradleVersions - Gradle version information cache is up-to-date. Trying to read.
2023-04-26 16:51:09,533 [Worker-0: Loading available Gradle versions] INFO  o.e.b.c.i.u.g.PublishedGradleVersions - Gradle version information cache is up-to-date. Trying to read.
2023-04-26 17:24:43,927 [Worker-23: Building] INFO  o.e.m.c.i.embedder.EclipseLogger - Using 'UTF-8' encoding to copy filtered resources.
2023-04-26 17:24:43,929 [Worker-23: Building] INFO  o.e.m.c.i.embedder.EclipseLogger - skip non existing resourceDirectory D:\Manutenção 2023\eclipse-workspace\preview_Aula_11\src\main\resources
2023-04-26 17:24:43,931 [Worker-23: Building] INFO  o.e.m.c.i.embedder.EclipseLogger - Using 'UTF-8' encoding to copy filtered resources.
2023-04-26 17:24:43,931 [Worker-23: Building] INFO  o.e.m.c.i.embedder.EclipseLogger - skip non existing resourceDirectory D:\Manutenção 2023\eclipse-workspace\preview_Aula_11\src\test\resources
2023-04-26 17:25:00,926 [Worker-21: Building] INFO  o.e.m.c.i.embedder.EclipseLogger - Using 'UTF-8' encoding to copy filtered resources.
2023-04-26 17:25:00,926 [Worker-21: Building] INFO  o.e.m.c.i.embedder.EclipseLogger - skip non existing resourceDirectory D:\Manutenção 2023\eclipse-workspace\preview_Aula_11\src\main\resources
2023-04-26 17:25:00,927 [Worker-21: Building] INFO  o.e.m.c.i.embedder.EclipseLogger - Using 'UTF-8' encoding to copy filtered resources.
2023-04-26 17:25:00,927 [Worker-21: Building] INFO  o.e.m.c.i.embedder.EclipseLogger - skip non existing resourceDirectory D:\Manutenção 2023\eclipse-workspace\preview_Aula_11\src\test\resources
2023-04-26 17:55:32,493 [Worker-39: Building] INFO  o.e.m.c.i.embedder.EclipseLogger - Using 'UTF-8' encoding to copy filtered resources.
2023-04-26 17:55:32,493 [Worker-39: Building] INFO  o.e.m.c.i.embedder.EclipseLogger - skip non existing resourceDirectory D:\Manutenção 2023\eclipse-workspace\preview_Aula_11\src\main\resources
2023-04-26 17:55:32,494 [Worker-39: Building] INFO  o.e.m.c.i.embedder.EclipseLogger - Using 'UTF-8' encoding to copy filtered resources.
2023-04-26 17:55:32,494 [Worker-39: Building] INFO  o.e.m.c.i.embedder.EclipseLogger - skip non existing resourceDirectory D:\Manutenção 2023\eclipse-workspace\preview_Aula_11\src\test\resources
2023-04-26 18:05:36,764 [Worker-43: Building] INFO  o.e.m.c.i.embedder.EclipseLogger - Using 'UTF-8' encoding to copy filtered resources.
2023-04-26 18:05:36,765 [Worker-43: Building] INFO  o.e.m.c.i.embedder.EclipseLogger - skip non existing resourceDirectory D:\Manutenção 2023\eclipse-workspace\preview_Aula_11\src\main\resources
2023-04-26 18:05:36,765 [Worker-43: Building] INFO  o.e.m.c.i.embedder.EclipseLogger - Using 'UTF-8' encoding to copy filtered resources.
2023-04-26 18:05:36,766 [Worker-43: Building] INFO  o.e.m.c.i.embedder.EclipseLogger - skip non existing resourceDirectory D:\Manutenção 2023\eclipse-workspace\preview_Aula_11\src\test\resources
2023-05-10 13:21:30,781 [Worker-3: Loading available Gradle versions] INFO  o.e.b.c.i.u.g.PublishedGradleVersions - Gradle version information cache is out-of-date. Trying to update.
2023-05-10 13:48:28,741 [Worker-3: Loading available Gradle versions] INFO  o.e.b.c.i.u.g.PublishedGradleVersions - Gradle version information cache is up-to-date. Trying to read.
2023-05-11 17:19:34,054 [Worker-6: Loading available Gradle versions] INFO  o.e.b.c.i.u.g.PublishedGradleVersions - Gradle version information cache is out-of-date. Trying to update.
2023-05-11 17:19:37,495 [Worker-7: Building] INFO  o.e.m.c.i.embedder.EclipseLogger - Using 'UTF-8' encoding to copy filtered resources.
2023-05-11 17:19:37,496 [Worker-7: Building] INFO  o.e.m.c.i.embedder.EclipseLogger - skip non existing resourceDirectory D:\Manutenção 2023\eclipse-workspace\preview_Aula_11\src\main\resources
2023-05-11 17:19:37,498 [Worker-7: Building] INFO  o.e.m.c.i.embedder.EclipseLogger - Using 'UTF-8' encoding to copy filtered resources.
2023-05-11 17:19:37,498 [Worker-7: Building] INFO  o.e.m.c.i.embedder.EclipseLogger - skip non existing resourceDirectory D:\Manutenção 2023\eclipse-workspace\preview_Aula_11\src\test\resources
2023-05-11 17:21:59,387 [Start Help Server] INFO  org.eclipse.jetty.server.Server - jetty-10.0.13; built: 2022-12-07T20:13:20.134Z; git: 1c2636ea05c0ca8de1ffd6ca7f3a98ac084c766d; jvm 17.0.7+7
2023-05-11 17:21:59,434 [Start Help Server] INFO  o.e.j.s.s.DefaultSessionIdManager - Session workerName=node0
2023-05-11 17:21:59,453 [Start Help Server] INFO  o.e.j.server.handler.ContextHandler - Started o.e.j.s.ServletContextHandler@513d2c2b{/help,null,AVAILABLE}
2023-05-11 17:21:59,470 [Start Help Server] INFO  o.e.jetty.server.AbstractConnector - Started ServerConnector@322786fc{HTTP/1.1, (http/1.1)}{127.0.0.1:49790}
2023-05-11 17:21:59,509 [Start Help Server] INFO  org.eclipse.jetty.server.Server - Started Server@7bb739fc{STARTING}[10.0.13,sto=0] @165777ms
2023-05-11 17:33:45,208 [main] WARN  org.eclipse.jgit.util.FS_Win32 - null
2023-05-11 17:33:48,470 [Worker-8: Building] ERROR o.e.m.c.i.URLConnectionCaches - Unexpected URLConnection defaultUseCaches enabled
2023-05-11 17:33:48,484 [Worker-8: Building] INFO  o.e.m.c.i.embedder.EclipseLogger - Using 'UTF-8' encoding to copy filtered resources.
2023-05-11 17:33:48,485 [Worker-8: Building] INFO  o.e.m.c.i.embedder.EclipseLogger - skip non existing resourceDirectory D:\Manutenção 2023\eclipse-workspace\preview_Aula_11\src\main\resources
2023-05-11 17:33:48,487 [Worker-8: Building] INFO  o.e.m.c.i.embedder.EclipseLogger - Using 'UTF-8' encoding to copy filtered resources.
2023-05-11 17:33:48,487 [Worker-8: Building] INFO  o.e.m.c.i.embedder.EclipseLogger - skip non existing resourceDirectory D:\Manutenção 2023\eclipse-workspace\preview_Aula_11\src\test\resources
2023-05-11 18:23:16,724 [Stop Help Server] INFO  org.eclipse.jetty.server.Server - Stopped Server@7bb739fc{STOPPING}[10.0.13,sto=0]
2023-05-11 18:23:16,738 [Stop Help Server] INFO  o.e.jetty.server.AbstractConnector - Stopped ServerConnector@322786fc{HTTP/1.1, (http/1.1)}{127.0.0.1:0}
2023-05-11 18:23:16,784 [Stop Help Server] INFO  o.e.j.server.handler.ContextHandler - Stopped o.e.j.s.ServletContextHandler@513d2c2b{/help,null,STOPPED}
2023-05-17 14:46:42,308 [main] WARN  org.eclipse.jgit.util.FS_Win32 - null
2023-05-17 14:46:44,857 [Worker-6: Loading available Gradle versions] INFO  o.e.b.c.i.u.g.PublishedGradleVersions - Gradle version information cache is out-of-date. Trying to update.
2023-05-19 19:57:45,463 [Worker-3: Loading available Gradle versions] INFO  o.e.b.c.i.u.g.PublishedGradleVersions - Gradle version information cache is up-to-date. Trying to read.
2023-05-19 20:07:28,899 [Worker-0: Loading available Gradle versions] INFO  o.e.b.c.i.u.g.PublishedGradleVersions - Gradle version information cache is up-to-date. Trying to read.
2023-05-26 11:45:44,267 [main] WARN  org.eclipse.jgit.util.FS_Win32 - null
2023-05-26 11:45:45,492 [Worker-8: Loading available Gradle versions] INFO  o.e.b.c.i.u.g.PublishedGradleVersions - Gradle version information cache is out-of-date. Trying to update.
2023-05-30 10:21:44,835 [main] WARN  org.eclipse.jgit.util.FS_Win32 - null
2023-05-30 10:21:53,091 [Worker-6: Loading available Gradle versions] INFO  o.e.b.c.i.u.g.PublishedGradleVersions - Gradle version information cache is out-of-date. Trying to update.
2023-05-30 10:30:30,507 [main] WARN  org.eclipse.jgit.util.FS_Win32 - null
2023-05-30 10:30:33,546 [Worker-6: Loading available Gradle versions] INFO  o.e.b.c.i.u.g.PublishedGradleVersions - Gradle version information cache is up-to-date. Trying to read.
